已經開始建置於 2021/10/26 16:11:53。
     1>節點 2 (build 目標) 上的專案 "D:\作業desu\3D_Game\Quiz1\program\Quiz1\demo_hello.vcxproj"。
     1>C:\Program Files (x86)\MSBuild\Microsoft.Cpp\v4.0\Microsoft.CppBuild.targets(298,5): warning MSB8004: Intermediate 目錄結尾不是結尾斜線。這個建置執行個體將會加入此斜線，因為這樣才能正確評估 Intermediate 目錄。
     1>C:\Program Files (x86)\MSBuild\Microsoft.Cpp\v4.0\Microsoft.CppBuild.targets(299,5): warning MSB8004: Output 目錄結尾不是結尾斜線。這個建置執行個體將會加入此斜線，因為這樣才能正確評估 Output 目錄。
     1>InitializeBuildStatus:
         由於指定了 "AlwaysCreate"，因此正在建立 "Debug\demo_hello.unsuccessfulbuild"。
       ClCompile:
         d:\user\VS\VC\bin\CL.exe /c /I..\..\include\OGRE /I..\..\include\OIS /I..\..\boost_1_42 /ZI /nologo /W3 /WX- /Od /Oy- /D WIN32 /D _DEBUG /D _CONSOLE /D _UNICODE /D UNICODE /Gm /EHsc /RTC1 /MDd /GS /fp:precise /Zc:wchar_t /Zc:forScope /Fo"Debug\\" /Fd"Debug\vc100.pdb" /Gd /TP /analyze- /errorReport:prompt source\TutorialApplication.cpp
         TutorialApplication.cpp
     1>d:\作業desu\3d_game\quiz1\program\quiz1\source\tutorialapplication.cpp(19): warning C4305: '正在初始化' : 從 'double' 轉換為 'const float'，是由較大的型別轉換為較小的型別，可能導致資料遺失
     1>d:\作業desu\3d_game\quiz1\program\quiz1\source\tutorialapplication.cpp(52): warning C4305: '引數' : 從 'double' 轉換為 'const Ogre::Real'，是由較大的型別轉換為較小的型別，可能導致資料遺失
     1>d:\作業desu\3d_game\quiz1\program\quiz1\source\tutorialapplication.cpp(141): warning C4305: '引數' : 從 'double' 轉換為 'Ogre::Real'，是由較大的型別轉換為較小的型別，可能導致資料遺失
     1>d:\作業desu\3d_game\quiz1\program\quiz1\source\tutorialapplication.cpp(141): warning C4305: '引數' : 從 'double' 轉換為 'Ogre::Real'，是由較大的型別轉換為較小的型別，可能導致資料遺失
     1>d:\作業desu\3d_game\quiz1\program\quiz1\source\tutorialapplication.cpp(141): warning C4305: '引數' : 從 'double' 轉換為 'Ogre::Real'，是由較大的型別轉換為較小的型別，可能導致資料遺失
     1>d:\作業desu\3d_game\quiz1\program\quiz1\source\tutorialapplication.cpp(209): warning C4305: '引數' : 從 'double' 轉換為 'Ogre::Real'，是由較大的型別轉換為較小的型別，可能導致資料遺失
     1>d:\作業desu\3d_game\quiz1\program\quiz1\source\tutorialapplication.cpp(247): warning C4305: '引數' : 從 'double' 轉換為 'Ogre::Real'，是由較大的型別轉換為較小的型別，可能導致資料遺失
     1>d:\作業desu\3d_game\quiz1\program\quiz1\source\tutorialapplication.cpp(247): warning C4305: '引數' : 從 'double' 轉換為 'Ogre::Real'，是由較大的型別轉換為較小的型別，可能導致資料遺失
     1>d:\作業desu\3d_game\quiz1\program\quiz1\source\tutorialapplication.cpp(247): warning C4305: '引數' : 從 'double' 轉換為 'Ogre::Real'，是由較大的型別轉換為較小的型別，可能導致資料遺失
     1>d:\作業desu\3d_game\quiz1\program\quiz1\source\tutorialapplication.cpp(296): warning C4305: '引數' : 從 'double' 轉換為 'const Ogre::Real'，是由較大的型別轉換為較小的型別，可能導致資料遺失
     1>d:\作業desu\3d_game\quiz1\program\quiz1\source\tutorialapplication.cpp(296): warning C4305: '引數' : 從 'double' 轉換為 'const Ogre::Real'，是由較大的型別轉換為較小的型別，可能導致資料遺失
     1>d:\作業desu\3d_game\quiz1\program\quiz1\source\tutorialapplication.cpp(296): warning C4305: '引數' : 從 'double' 轉換為 'const Ogre::Real'，是由較大的型別轉換為較小的型別，可能導致資料遺失
     1>d:\作業desu\3d_game\quiz1\program\quiz1\source\tutorialapplication.cpp(298): warning C4305: '引數' : 從 'double' 轉換為 'const Ogre::Real'，是由較大的型別轉換為較小的型別，可能導致資料遺失
     1>d:\作業desu\3d_game\quiz1\program\quiz1\source\tutorialapplication.cpp(298): warning C4305: '引數' : 從 'double' 轉換為 'const Ogre::Real'，是由較大的型別轉換為較小的型別，可能導致資料遺失
     1>d:\作業desu\3d_game\quiz1\program\quiz1\source\tutorialapplication.cpp(298): warning C4305: '引數' : 從 'double' 轉換為 'const Ogre::Real'，是由較大的型別轉換為較小的型別，可能導致資料遺失
     1>d:\作業desu\3d_game\quiz1\program\quiz1\source\tutorialapplication.cpp(360): warning C4305: '引數' : 從 'double' 轉換為 'const Ogre::Real'，是由較大的型別轉換為較小的型別，可能導致資料遺失
     1>d:\作業desu\3d_game\quiz1\program\quiz1\source\tutorialapplication.cpp(360): warning C4305: '引數' : 從 'double' 轉換為 'const Ogre::Real'，是由較大的型別轉換為較小的型別，可能導致資料遺失
     1>d:\作業desu\3d_game\quiz1\program\quiz1\source\tutorialapplication.cpp(360): warning C4305: '引數' : 從 'double' 轉換為 'const Ogre::Real'，是由較大的型別轉換為較小的型別，可能導致資料遺失
     1>d:\作業desu\3d_game\quiz1\program\quiz1\source\tutorialapplication.cpp(362): warning C4305: '引數' : 從 'double' 轉換為 'const Ogre::Real'，是由較大的型別轉換為較小的型別，可能導致資料遺失
     1>d:\作業desu\3d_game\quiz1\program\quiz1\source\tutorialapplication.cpp(362): warning C4305: '引數' : 從 'double' 轉換為 'const Ogre::Real'，是由較大的型別轉換為較小的型別，可能導致資料遺失
     1>d:\作業desu\3d_game\quiz1\program\quiz1\source\tutorialapplication.cpp(362): warning C4305: '引數' : 從 'double' 轉換為 'const Ogre::Real'，是由較大的型別轉換為較小的型別，可能導致資料遺失
       ManifestResourceCompile:
         所有輸出都是最新的。
       Link:
         d:\user\VS\VC\bin\link.exe /ERRORREPORT:PROMPT /OUT:"bin\Debug\/demo_hello.exe" /INCREMENTAL /NOLOGO /LIBPATH:..\..\lib\Release /LIBPATH:..\..\lib\opt\ /LIBPATH:..\..\boost_1_42\lib ..\..\lib\debug\OgreMain_d.lib "..\..\boost_1_42\lib\libboost_thread-vc100-mt-1_42.lib" "..\..\boost_1_42\lib\libboost_date_time-vc100-mt-1_42.lib" ..\..\lib\debug\OgreRTShaderSystem_d.lib ..\..\lib\debug\OIS_d.lib kernel32.lib user32.lib gdi32.lib winspool.lib comdlg32.lib advapi32.lib shell32.lib ole32.lib oleaut32.lib uuid.lib odbc32.lib odbccp32.lib /MANIFEST /ManifestFile:"Debug\demo_hello.exe.intermediate.manifest" /MANIFESTUAC:"level='asInvoker' uiAccess='false'" /DEBUG /PDB:"D:\作業desu\3D_Game\Quiz1\program\Quiz1\bin\Debug\demo_hello.pdb" /SUBSYSTEM:CONSOLE /TLBID:1 /DYNAMICBASE /NXCOMPAT /IMPLIB:"bin\Debug\demo_hello.lib" /MACHINE:X86 Debug\demo_hello.exe.embed.manifest.res
         Debug\BaseApplication.obj
         Debug\BasicTools.obj
         Debug\TutorialApplication.obj
       Manifest:
         C:\Program Files (x86)\Microsoft SDKs\Windows\v7.0A\bin\mt.exe /nologo /verbose /out:"Debug\demo_hello.exe.embed.manifest" /manifest Debug\demo_hello.exe.intermediate.manifest
         所有輸出都是最新的。
       LinkEmbedManifest:
         所有輸出都是最新的。
         demo_hello.vcxproj -> D:\作業desu\3D_Game\Quiz1\program\Quiz1\bin\Debug\demo_hello.exe
       FinalizeBuildStatus:
         正在刪除檔案 "Debug\demo_hello.unsuccessfulbuild"。
         正在變更時間戳記 "Debug\demo_hello.lastbuildstate"。
     1>專案 "D:\作業desu\3D_Game\Quiz1\program\Quiz1\demo_hello.vcxproj" (build 目標) 建置完成。

建置成功。

經過時間 00:00:08.87
