19:50:27: Creating resource group General
19:50:27: Creating resource group Internal
19:50:27: Creating resource group Autodetect
19:50:27: SceneManagerFactory for type 'DefaultSceneManager' registered.
19:50:27: Registering ResourceManager for type Material
19:50:27: Registering ResourceManager for type Mesh
19:50:27: Registering ResourceManager for type Skeleton
19:50:27: MovableObjectFactory for type 'ParticleSystem' registered.
19:50:27: OverlayElementFactory for type Panel registered.
19:50:27: OverlayElementFactory for type BorderPanel registered.
19:50:27: OverlayElementFactory for type TextArea registered.
19:50:27: Registering ResourceManager for type Font
19:50:27: ArchiveFactory for archive type FileSystem registered.
19:50:27: ArchiveFactory for archive type Zip registered.
19:50:27: DDS codec registering
19:50:27: FreeImage version: 3.13.1
19:50:27: This program uses FreeImage, a free, open source image library supporting all common bitmap formats. See http://freeimage.sourceforge.net for details
19:50:27: Supported formats: bmp,ico,jpg,jif,jpeg,jpe,jng,koa,iff,lbm,mng,pbm,pbm,pcd,pcx,pgm,pgm,png,ppm,ppm,ras,tga,targa,tif,tiff,wap,wbmp,wbm,psd,cut,xbm,xpm,gif,hdr,g3,sgi,exr,j2k,j2c,jp2,pfm,pct,pict,pic,bay,bmq,cr2,crw,cs1,dc2,dcr,dng,erf,fff,hdr,k25,kdc,mdc,mos,mrw,nef,orf,pef,pxn,raf,raw,rdc,sr2,srf,arw,3fr,cine,ia,kc2,mef,nrw,qtk,rw2,sti,drf,dsc,ptx,cap,iiq,rwz
19:50:27: Registering ResourceManager for type HighLevelGpuProgram
19:50:27: Registering ResourceManager for type Compositor
19:50:27: MovableObjectFactory for type 'Entity' registered.
19:50:27: MovableObjectFactory for type 'Light' registered.
19:50:27: MovableObjectFactory for type 'BillboardSet' registered.
19:50:27: MovableObjectFactory for type 'ManualObject' registered.
19:50:27: MovableObjectFactory for type 'BillboardChain' registered.
19:50:27: MovableObjectFactory for type 'RibbonTrail' registered.
19:50:27: Loading library .\RenderSystem_Direct3D9
19:50:27: Installing plugin: D3D9 RenderSystem
19:50:27: D3D9 : Direct3D9 Rendering Subsystem created.
19:50:27: D3D9: Driver Detection Starts
19:50:27: D3D9: Driver Detection Ends
19:50:27: Plugin successfully installed
19:50:27: Loading library .\RenderSystem_GL
19:50:27: Installing plugin: GL RenderSystem
19:50:27: OpenGL Rendering Subsystem created.
19:50:27: Plugin successfully installed
19:50:27: Loading library .\Plugin_ParticleFX
19:50:27: Installing plugin: ParticleFX
19:50:27: Particle Emitter Type 'Point' registered
19:50:27: Particle Emitter Type 'Box' registered
19:50:27: Particle Emitter Type 'Ellipsoid' registered
19:50:27: Particle Emitter Type 'Cylinder' registered
19:50:27: Particle Emitter Type 'Ring' registered
19:50:27: Particle Emitter Type 'HollowEllipsoid' registered
19:50:27: Particle Affector Type 'LinearForce' registered
19:50:27: Particle Affector Type 'ColourFader' registered
19:50:27: Particle Affector Type 'ColourFader2' registered
19:50:27: Particle Affector Type 'ColourImage' registered
19:50:27: Particle Affector Type 'ColourInterpolator' registered
19:50:27: Particle Affector Type 'Scaler' registered
19:50:27: Particle Affector Type 'Rotator' registered
19:50:27: Particle Affector Type 'DirectionRandomiser' registered
19:50:27: Particle Affector Type 'DeflectorPlane' registered
19:50:27: Plugin successfully installed
19:50:27: Loading library .\Plugin_BSPSceneManager
19:50:27: Installing plugin: BSP Scene Manager
19:50:27: Plugin successfully installed
19:50:27: Loading library .\Plugin_CgProgramManager
19:50:27: Installing plugin: Cg Program Manager
19:50:27: Plugin successfully installed
19:50:27: Loading library .\Plugin_PCZSceneManager
19:50:27: Installing plugin: Portal Connected Zone Scene Manager
19:50:27: PCZone Factory Type 'ZoneType_Default' registered
19:50:27: Plugin successfully installed
19:50:27: Loading library .\Plugin_OctreeZone
19:50:27: Installing plugin: Octree Zone Factory
19:50:27: Plugin successfully installed
19:50:27: Loading library .\Plugin_OctreeSceneManager
19:50:27: Installing plugin: Octree & Terrain Scene Manager
19:50:27: Plugin successfully installed
19:50:27: *-*-* OGRE Initialising
19:50:27: *-*-* Version 1.7.1 (Cthugha)
19:50:27: Creating resource group Essential
19:50:27: Added resource location '../../media/thumbnails' of type 'FileSystem' to resource group 'Essential'
19:50:27: Added resource location '../../media/packs/SdkTrays.zip' of type 'Zip' to resource group 'Essential'
19:50:27: Added resource location '../../media' of type 'FileSystem' to resource group 'General'
19:50:27: Creating resource group Popular
19:50:27: Added resource location '../../media/fonts' of type 'FileSystem' to resource group 'Popular'
19:50:27: Added resource location '../../media/materials/programs' of type 'FileSystem' to resource group 'Popular'
19:50:27: Added resource location '../../media/materials/scripts' of type 'FileSystem' to resource group 'Popular'
19:50:27: Added resource location '../../media/materials/textures' of type 'FileSystem' to resource group 'Popular'
19:50:27: Added resource location '../../media/materials/textures/nvidia' of type 'FileSystem' to resource group 'Popular'
19:50:27: Added resource location '../../media/models' of type 'FileSystem' to resource group 'Popular'
19:50:27: Added resource location '../../media/particle' of type 'FileSystem' to resource group 'Popular'
19:50:27: Added resource location '../../media/DeferredShadingMedia' of type 'FileSystem' to resource group 'Popular'
19:50:27: Added resource location '../../media/PCZAppMedia' of type 'FileSystem' to resource group 'Popular'
19:50:27: Added resource location '../../media/RTShaderLib' of type 'FileSystem' to resource group 'Popular'
19:50:27: Added resource location '../../media/RTShaderLib/materials' of type 'FileSystem' to resource group 'Popular'
19:50:27: Added resource location '../../media/packs/cubemap.zip' of type 'Zip' to resource group 'Popular'
19:50:27: Added resource location '../../media/packs/cubemapsJS.zip' of type 'Zip' to resource group 'Popular'
19:50:27: Added resource location '../../media/packs/dragon.zip' of type 'Zip' to resource group 'Popular'
19:50:27: Added resource location '../../media/packs/fresneldemo.zip' of type 'Zip' to resource group 'Popular'
19:50:27: Added resource location '../../media/packs/ogretestmap.zip' of type 'Zip' to resource group 'Popular'
19:50:27: Added resource location '../../media/packs/ogredance.zip' of type 'Zip' to resource group 'Popular'
19:50:27: Added resource location '../../media/packs/Sinbad.zip' of type 'Zip' to resource group 'Popular'
19:50:27: Added resource location '../../media/packs/skybox.zip' of type 'Zip' to resource group 'Popular'
19:50:27: D3D9 : RenderSystem Option: Allow NVPerfHUD = No
19:50:27: D3D9 : RenderSystem Option: FSAA = 0
19:50:27: D3D9 : RenderSystem Option: Floating-point mode = Fastest
19:50:27: D3D9 : RenderSystem Option: Full Screen = No
19:50:27: D3D9 : RenderSystem Option: Rendering Device = Monitor-1-Intel(R) HD Graphics 630
19:50:27: D3D9 : RenderSystem Option: Resource Creation Policy = Create on all devices
19:50:27: D3D9 : RenderSystem Option: VSync = No
19:50:27: D3D9 : RenderSystem Option: VSync Interval = 1
19:50:27: D3D9 : RenderSystem Option: Video Mode = 800 x 600 @ 32-bit colour
19:50:27: D3D9 : RenderSystem Option: sRGB Gamma Conversion = No
19:50:29: CPU Identifier & Features
19:50:29: -------------------------
19:50:29:  *   CPU ID: GenuineIntel: Intel(R) Core(TM) i7-7700HQ CPU @ 2.80GHz
19:50:29:  *      SSE: yes
19:50:29:  *     SSE2: yes
19:50:29:  *     SSE3: yes
19:50:29:  *      MMX: yes
19:50:29:  *   MMXEXT: yes
19:50:29:  *    3DNOW: no
19:50:29:  * 3DNOWEXT: no
19:50:29:  *     CMOV: yes
19:50:29:  *      TSC: yes
19:50:29:  *      FPU: yes
19:50:29:  *      PRO: yes
19:50:29:  *       HT: no
19:50:29: -------------------------
19:50:29: D3D9 : Subsystem Initialising
19:50:29: Registering ResourceManager for type Texture
19:50:29: Registering ResourceManager for type GpuProgram
19:50:29: D3D9RenderSystem::_createRenderWindow "NCTU. 3D Game Programming. Student Name: §d©§®e. ID:310551067", 800x600 windowed  miscParams: FSAA=0 FSAAHint= colourDepth=32 gamma=false monitorIndex=0 useNVPerfHUD=false vsync=false vsyncInterval=1 
19:50:29: D3D9 : Created D3D9 Rendering Window 'NCTU. 3D Game Programming. Student Name: §d©§®e. ID:310551067' : 800x600, 32bpp
19:50:29: D3D9 : WARNING - disabling VSync in windowed mode can cause timing issues at lower frame rates, turn VSync on if you observe this problem.
19:50:29: D3D9: Vertex texture format supported - PF_L8
19:50:29: D3D9: Vertex texture format supported - PF_L16
19:50:29: D3D9: Vertex texture format supported - PF_A8
19:50:29: D3D9: Vertex texture format supported - PF_A4L4
19:50:29: D3D9: Vertex texture format supported - PF_BYTE_LA
19:50:29: D3D9: Vertex texture format supported - PF_R5G6B5
19:50:29: D3D9: Vertex texture format supported - PF_B5G6R5
19:50:29: D3D9: Vertex texture format supported - PF_A4R4G4B4
19:50:29: D3D9: Vertex texture format supported - PF_A1R5G5B5
19:50:29: D3D9: Vertex texture format supported - PF_A8R8G8B8
19:50:29: D3D9: Vertex texture format supported - PF_A8B8G8R8
19:50:29: D3D9: Vertex texture format supported - PF_B8G8R8A8
19:50:29: D3D9: Vertex texture format supported - PF_A2R10G10B10
19:50:29: D3D9: Vertex texture format supported - PF_A2B10G10R10
19:50:29: D3D9: Vertex texture format supported - PF_DXT1
19:50:29: D3D9: Vertex texture format supported - PF_DXT2
19:50:29: D3D9: Vertex texture format supported - PF_DXT3
19:50:29: D3D9: Vertex texture format supported - PF_DXT4
19:50:29: D3D9: Vertex texture format supported - PF_DXT5
19:50:29: D3D9: Vertex texture format supported - PF_FLOAT16_RGB
19:50:29: D3D9: Vertex texture format supported - PF_FLOAT16_RGBA
19:50:29: D3D9: Vertex texture format supported - PF_FLOAT32_RGB
19:50:29: D3D9: Vertex texture format supported - PF_FLOAT32_RGBA
19:50:29: D3D9: Vertex texture format supported - PF_X8R8G8B8
19:50:29: D3D9: Vertex texture format supported - PF_R8G8B8A8
19:50:29: D3D9: Vertex texture format supported - PF_DEPTH
19:50:29: D3D9: Vertex texture format supported - PF_SHORT_RGBA
19:50:29: D3D9: Vertex texture format supported - PF_FLOAT16_R
19:50:29: D3D9: Vertex texture format supported - PF_FLOAT32_R
19:50:29: D3D9: Vertex texture format supported - PF_SHORT_GR
19:50:29: D3D9: Vertex texture format supported - PF_FLOAT16_GR
19:50:29: D3D9: Vertex texture format supported - PF_FLOAT32_GR
19:50:29: D3D9: Vertex texture format supported - PF_SHORT_RGB
19:50:29: D3D9: Vertex texture format supported - PF_PVRTC_RGB2
19:50:29: D3D9: Vertex texture format supported - PF_PVRTC_RGBA2
19:50:29: D3D9: Vertex texture format supported - PF_PVRTC_RGB4
19:50:29: D3D9: Vertex texture format supported - PF_PVRTC_RGBA4
19:50:29: RenderSystem capabilities
19:50:29: -------------------------
19:50:29: RenderSystem Name: Direct3D9 Rendering Subsystem
19:50:29: GPU Vendor: intel
19:50:29: Device Name: Monitor-1-Intel(R) HD Graphics 630
19:50:29: Driver Version: 27.20.100.8477
19:50:29:  * Fixed function pipeline: yes
19:50:29:  * Hardware generation of mipmaps: yes
19:50:29:  * Texture blending: yes
19:50:29:  * Anisotropic texture filtering: yes
19:50:29:  * Dot product texture operation: yes
19:50:29:  * Cube mapping: yes
19:50:29:  * Hardware stencil buffer: yes
19:50:29:    - Stencil depth: 8
19:50:29:    - Two sided stencil support: yes
19:50:29:    - Wrap stencil values: yes
19:50:29:  * Hardware vertex / index buffers: yes
19:50:29:  * Vertex programs: yes
19:50:29:  * Number of floating-point constants for vertex programs: 256
19:50:29:  * Number of integer constants for vertex programs: 16
19:50:29:  * Number of boolean constants for vertex programs: 16
19:50:29:  * Fragment programs: yes
19:50:29:  * Number of floating-point constants for fragment programs: 224
19:50:29:  * Number of integer constants for fragment programs: 16
19:50:29:  * Number of boolean constants for fragment programs: 16
19:50:29:  * Geometry programs: no
19:50:29:  * Number of floating-point constants for geometry programs: 1195
19:50:29:  * Number of integer constants for geometry programs: 25697
19:50:29:  * Number of boolean constants for geometry programs: 25183
19:50:29:  * Supported Shader Profiles: hlsl ps_1_1 ps_1_2 ps_1_3 ps_1_4 ps_2_0 ps_2_a ps_2_b ps_2_x ps_3_0 vs_1_1 vs_2_0 vs_2_a vs_2_x vs_3_0
19:50:29:  * Texture Compression: yes
19:50:29:    - DXT: yes
19:50:29:    - VTC: no
19:50:29:    - PVRTC: no
19:50:29:  * Scissor Rectangle: yes
19:50:29:  * Hardware Occlusion Query: yes
19:50:29:  * User clip planes: yes
19:50:29:  * VET_UBYTE4 vertex element type: yes
19:50:29:  * Infinite far plane projection: yes
19:50:29:  * Hardware render-to-texture: yes
19:50:29:  * Floating point textures: yes
19:50:29:  * Non-power-of-two textures: yes
19:50:29:  * Volume textures: yes
19:50:29:  * Multiple Render Targets: 4
19:50:29:    - With different bit depths: yes
19:50:29:  * Point Sprites: yes
19:50:29:  * Extended point parameters: yes
19:50:29:  * Max Point Size: 10
19:50:29:  * Vertex texture fetch: yes
19:50:29:  * Number of world matrices: 0
19:50:29:  * Number of texture units: 8
19:50:29:  * Stencil buffer depth: 8
19:50:29:  * Number of vertex blend matrices: 0
19:50:29:    - Max vertex textures: 4
19:50:29:    - Vertex textures shared: no
19:50:29:  * Render to Vertex Buffer : no
19:50:29:  * DirectX per stage constants: yes
19:50:29: ***************************************
19:50:29: *** D3D9 : Subsystem Initialised OK ***
19:50:29: ***************************************
19:50:29: DefaultWorkQueue('Root') initialising on thread 0162B290.
19:50:29: Particle Renderer Type 'billboard' registered
19:50:29: DefaultWorkQueue('Root')::WorkerFunc - thread 0997E578 starting.
19:50:29: DefaultWorkQueue('Root')::WorkerFunc - thread 0997E668 starting.
19:50:29: DefaultWorkQueue('Root')::WorkerFunc - thread 0997E5A8 starting.
19:50:29: DefaultWorkQueue('Root')::WorkerFunc - thread 0997E3C8 starting.
19:50:29: DefaultWorkQueue('Root')::WorkerFunc - thread 0997E428 starting.
19:50:29: DefaultWorkQueue('Root')::WorkerFunc - thread 0997E4B8 starting.
19:50:29: DefaultWorkQueue('Root')::WorkerFunc - thread 0997E458 starting.
19:50:29: DefaultWorkQueue('Root')::WorkerFunc - thread 0997E4E8 starting.
19:50:29: SceneManagerFactory for type 'BspSceneManager' registered.
19:50:29: Registering ResourceManager for type BspLevel
19:50:29: SceneManagerFactory for type 'PCZSceneManager' registered.
19:50:29: MovableObjectFactory for type 'PCZLight' registered.
19:50:29: MovableObjectFactory for type 'Portal' registered.
19:50:29: MovableObjectFactory for type 'AntiPortal' registered.
19:50:29: PCZone Factory Type 'ZoneType_Octree' registered
19:50:29: PCZone Factory Type 'ZoneType_Terrain' registered
19:50:29: SceneManagerFactory for type 'OctreeSceneManager' registered.
19:50:29: SceneManagerFactory for type 'TerrainSceneManager' registered.
19:50:29: Parsing scripts for resource group Autodetect
19:50:29: Finished parsing scripts for resource group Autodetect
19:50:29: Parsing scripts for resource group Essential
19:50:29: Parsing script SdkTrays.material
19:50:29: Parsing script SdkTrays.fontdef
19:50:29: Parsing script SdkTrays.overlay
19:50:29: Bad element attribute line: '# you can offset the image to change the cursor "hotspot"' for element SdkTrays/Cursor in overlay 
19:50:29: Texture: sdk_cursor.png: Loading 1 faces(PF_A8R8G8B8,32x32x1) with  hardware generated mipmaps from Image. Internal format is PF_A8R8G8B8,32x32x1.
19:50:29: Texture: sdk_tray.png: Loading 1 faces(PF_A8R8G8B8,64x64x1) with  hardware generated mipmaps from Image. Internal format is PF_A8R8G8B8,64x64x1.
19:50:29: Texture: sdk_button_up.png: Loading 1 faces(PF_A8R8G8B8,128x32x1) with  hardware generated mipmaps from Image. Internal format is PF_A8R8G8B8,128x32x1.
19:50:29: Texture: sdk_text_box.png: Loading 1 faces(PF_A8R8G8B8,32x32x1) with  hardware generated mipmaps from Image. Internal format is PF_A8R8G8B8,32x32x1.
19:50:29: Texture: sdk_mini_tray.png: Loading 1 faces(PF_A8R8G8B8,32x32x1) with  hardware generated mipmaps from Image. Internal format is PF_A8R8G8B8,32x32x1.
19:50:29: Texture: sdk_track.png: Loading 1 faces(PF_A8R8G8B8,16x32x1) with  hardware generated mipmaps from Image. Internal format is PF_A8R8G8B8,16x32x1.
19:50:29: Texture: sdk_handle.png: Loading 1 faces(PF_A8R8G8B8,16x16x1) with  hardware generated mipmaps from Image. Internal format is PF_A8R8G8B8,16x16x1.
19:50:29: Texture: sdk_mini_text_box.png: Loading 1 faces(PF_A8R8G8B8,32x32x1) with  hardware generated mipmaps from Image. Internal format is PF_A8R8G8B8,32x32x1.
19:50:29: Texture: sdk_label.png: Loading 1 faces(PF_A8R8G8B8,32x32x1) with  hardware generated mipmaps from Image. Internal format is PF_A8R8G8B8,32x32x1.
19:50:29: Texture: sdk_separator.png: Loading 1 faces(PF_A8R8G8B8,64x16x1) with  hardware generated mipmaps from Image. Internal format is PF_A8R8G8B8,64x16x1.
19:50:29: Texture: sdk_logo.png: Loading 1 faces(PF_A8R8G8B8,128x64x1) with  hardware generated mipmaps from Image. Internal format is PF_A8R8G8B8,128x64x1.
19:50:29: Texture: sdk_shade.png: Loading 1 faces(PF_A8R8G8B8,64x48x1) with 5 generated mipmaps from Image. Internal format is PF_A8R8G8B8,64x48x1.
19:50:29: Texture: sdk_frame.png: Loading 1 faces(PF_A8R8G8B8,32x32x1) with  hardware generated mipmaps from Image. Internal format is PF_A8R8G8B8,32x32x1.
19:50:29: Texture: sdk_mini_text_box_over.png: Loading 1 faces(PF_A8R8G8B8,32x32x1) with  hardware generated mipmaps from Image. Internal format is PF_A8R8G8B8,32x32x1.
19:50:29: Texture: sdk_pulse.png: Loading 1 faces(PF_R8G8B8,8x1x1) with  hardware generated mipmaps from Image. Internal format is PF_X8R8G8B8,8x1x1.
19:50:29: Finished parsing scripts for resource group Essential
19:50:29: Parsing scripts for resource group General
19:50:29: Finished parsing scripts for resource group General
19:50:29: Parsing scripts for resource group Internal
19:50:29: Finished parsing scripts for resource group Internal
19:50:29: Parsing scripts for resource group Popular
19:50:29: Parsing script Examples.program
19:50:29: Parsing script StdQuad_vp.program
19:50:29: Parsing script deferred_post.program
19:50:29: Parsing script ShadowCaster.program
19:50:29: Parsing script ASCII.material
19:50:29: Parsing script ASMSwizzle.material
19:50:29: Compiler error: object unsupported by render system in ASMSwizzle.material(1)
19:50:29: Parsing script BlackAndWhite.material
19:50:30: Parsing script Bloom.material
19:50:30: Parsing script Bloom2.material
19:50:30: Parsing script CGSwizzle.material
19:50:30: Parsing script CompositorDemo.material
19:50:30: Parsing script DepthShadowmap.material
19:50:30: Parsing script Dither.material
19:50:30: Parsing script DOF.material
19:50:30: Parsing script Embossed.material
19:50:30: Parsing script Example-Water.material
19:50:30: Parsing script Examples-Advanced.material
19:50:30: Parsing script Examples-DynTex.material
19:50:30: Parsing script Examples-Water.material
19:50:30: Parsing script Examples.material
19:50:30: Compiler error: number expected in Examples.material(31): specular expects at least 4 arguments
19:50:30: OGRE EXCEPTION(2:InvalidParametersException): Parameter called camObjPos does not exist.  in GpuProgramParameters::_findNamedConstantDefinition at ..\..\..\..\OgreMain\src\OgreGpuProgramParams.cpp (line 1433)
19:50:30: Compiler error: invalid parameters in Examples.material(852): setting of constant failed
19:50:30: Parsing script facial.material
19:50:30: Parsing script Glass.material
19:50:30: Parsing script GLSLSwizzle.material
19:50:30: Parsing script Halftone.material
19:50:30: Parsing script hdr.material
19:50:30: Parsing script HeatVision.material
19:50:30: Parsing script Hurt.material
19:50:30: Parsing script instancing.material
19:50:30: Parsing script Invert.material
19:50:30: Parsing script IsoSurf.material
19:50:30: Parsing script Laplace.material
19:50:30: Parsing script MotionBlur.material
19:50:30: Parsing script MRTtest.material
19:50:30: Parsing script NightVision.material
19:50:30: Parsing script Ocean.material
19:50:30: Parsing script OffsetMapping.material
19:50:30: Parsing script Ogre.material
19:50:30: Parsing script OldMovie.material
19:50:30: Parsing script OldTV.material
19:50:30: Parsing script ParticleGS.material
19:50:30: OGRE EXCEPTION(7:InternalErrorException): Unable to compile Cg program Ogre/ParticleGS/GenerateVS: CG ERROR : "The compile returned an error."
(0) : error C6015: Output 'POSITION' not completely written
 in CgProgram::loadFromSource at ..\..\..\..\..\PlugIns\CgProgramManager\src\OgreCgProgramManagerDll.cpp (line 67)
19:50:30: High-level program Ogre/ParticleGS/GenerateVS encountered an error during loading and is thus not supported.
OGRE EXCEPTION(7:InternalErrorException): Unable to compile Cg program Ogre/ParticleGS/GenerateVS: CG ERROR : "The compile returned an error."
(0) : error C6015: Output 'POSITION' not completely written
 in CgProgram::loadFromSource at ..\..\..\..\..\PlugIns\CgProgramManager\src\OgreCgProgramManagerDll.cpp (line 67)
19:50:30: OGRE EXCEPTION(7:InternalErrorException): Unable to compile Cg program Ogre/ParticleGS/DisplayVS: CG ERROR : "The compile returned an error."
(249) : warning C7050: "output.color" might be used before being initialized
(0) : error C6015: Output 'POSITION' not completely written
 in CgProgram::loadFromSource at ..\..\..\..\..\PlugIns\CgProgramManager\src\OgreCgProgramManagerDll.cpp (line 67)
19:50:30: High-level program Ogre/ParticleGS/DisplayVS encountered an error during loading and is thus not supported.
OGRE EXCEPTION(7:InternalErrorException): Unable to compile Cg program Ogre/ParticleGS/DisplayVS: CG ERROR : "The compile returned an error."
(249) : warning C7050: "output.color" might be used before being initialized
(0) : error C6015: Output 'POSITION' not completely written
 in CgProgram::loadFromSource at ..\..\..\..\..\PlugIns\CgProgramManager\src\OgreCgProgramManagerDll.cpp (line 67)
19:50:30: OGRE EXCEPTION(7:InternalErrorException): Unable to compile Cg program Ogre/ParticleGS/DisplayPS: CG ERROR : "The compile returned an error."
(323) : fatal error C9999: unexpected cast operation
 in CgProgram::loadFromSource at ..\..\..\..\..\PlugIns\CgProgramManager\src\OgreCgProgramManagerDll.cpp (line 67)
19:50:30: High-level program Ogre/ParticleGS/DisplayPS encountered an error during loading and is thus not supported.
OGRE EXCEPTION(7:InternalErrorException): Unable to compile Cg program Ogre/ParticleGS/DisplayPS: CG ERROR : "The compile returned an error."
(323) : fatal error C9999: unexpected cast operation
 in CgProgram::loadFromSource at ..\..\..\..\..\PlugIns\CgProgramManager\src\OgreCgProgramManagerDll.cpp (line 67)
19:50:30: Parsing script Penguin.material
19:50:30: Parsing script Posterize.material
19:50:30: Parsing script pssm.material
19:50:30: Parsing script RadialBlur.material
19:50:30: Parsing script RZR-002.material
19:50:30: Parsing script ShaderSystem.material
19:50:30: Parsing script shadows.material
19:50:30: Parsing script SharpenEdges.material
19:50:30: Parsing script sibenik.material
19:50:30: Parsing script smoke.material
19:50:30: Parsing script Tiling.material
19:50:30: Parsing script VarianceShadowmap.material
19:50:30: Parsing script deferreddemo.material
19:50:30: Parsing script deferred_post.material
19:50:30: Parsing script deferred_post_minilight.material
19:50:30: Parsing script ShadowCaster.material
19:50:30: Parsing script ssao.material
19:50:30: Parsing script ROOM.material
19:50:30: Parsing script RTShaderSystem.material
19:50:31: Compiler error: unknown error in RTShaderSystem.material(23): token "rtshader_system" is not recognized
19:50:31: Compiler error: unknown error in RTShaderSystem.material(52): token "rtshader_system" is not recognized
19:50:31: Compiler error: unknown error in RTShaderSystem.material(81): token "rtshader_system" is not recognized
19:50:31: Compiler error: unknown error in RTShaderSystem.material(110): token "rtshader_system" is not recognized
19:50:31: Compiler error: unknown error in RTShaderSystem.material(146): token "rtshader_system" is not recognized
19:50:31: Compiler error: unknown error in RTShaderSystem.material(81): token "rtshader_system" is not recognized
19:50:31: Compiler error: unknown error in RTShaderSystem.material(162): token "rtshader_system" is not recognized
19:50:31: Compiler error: unknown error in RTShaderSystem.material(81): token "rtshader_system" is not recognized
19:50:31: Compiler error: unknown error in RTShaderSystem.material(110): token "rtshader_system" is not recognized
19:50:31: Parsing script RomanBath.material
19:50:31: Parsing script Sinbad.material
19:50:31: Parsing script emitted_emitter.particle
19:50:31: Parsing script Examples-Water.particle
19:50:31: Parsing script Examples.particle
19:50:31: Parsing script smoke.particle
19:50:31: Parsing script Examples.compositor
19:50:31: Parsing script deferred.compositor
19:50:31: Parsing script ssao.compositor
19:50:31: Parsing script sample.fontdef
19:50:31: Finished parsing scripts for resource group Popular
19:50:31: Mesh: Loading penguin.mesh.
19:50:31: Skeleton: Loading penguin.skeleton
19:50:31: WARNING: penguin.mesh is an older format ([MeshSerializer_v1.40]); you should upgrade it as soon as possible using the OgreMeshUpgrade tool.
19:50:31: Texture: penguin.jpg: Loading 1 faces(PF_R8G8B8,512x512x1) with  hardware generated mipmaps from Image. Internal format is PF_X8R8G8B8,512x512x1.
19:50:31: Mesh: Loading cube.mesh.
19:50:31: Texture: RustySteel.jpg: Loading 1 faces(PF_R8G8B8,256x256x1) with  hardware generated mipmaps from Image. Internal format is PF_X8R8G8B8,256x256x1.
19:50:31: Texture: spheremap.png: Loading 1 faces(PF_R8G8B8,256x256x1) with  hardware generated mipmaps from Image. Internal format is PF_X8R8G8B8,256x256x1.
19:50:31: Texture: Chrome.jpg: Loading 1 faces(PF_L8,256x256x1) with  hardware generated mipmaps from Image. Internal format is PF_L8,256x256x1.
19:50:31: *** Initializing OIS ***
19:50:31: Texture: spot_shadow_fade.png: Loading 1 faces(PF_R8G8B8,128x128x1) with  hardware generated mipmaps from Image. Internal format is PF_X8R8G8B8,128x128x1.
19:50:31: Font SdkTrays/Captionusing texture size 512x256
19:50:31: Info: Freetype returned null for character 160 in font SdkTrays/Caption
19:50:31: Texture: SdkTrays/CaptionTexture: Loading 1 faces(PF_BYTE_LA,512x256x1) with 0 generated mipmaps from Image. Internal format is PF_BYTE_LA,512x256x1.
19:50:31: Font SdkTrays/Valueusing texture size 512x512
19:50:31: Info: Freetype returned null for character 127 in font SdkTrays/Value
19:50:31: Info: Freetype returned null for character 128 in font SdkTrays/Value
19:50:31: Info: Freetype returned null for character 129 in font SdkTrays/Value
19:50:31: Info: Freetype returned null for character 130 in font SdkTrays/Value
19:50:31: Info: Freetype returned null for character 131 in font SdkTrays/Value
19:50:31: Info: Freetype returned null for character 132 in font SdkTrays/Value
19:50:31: Info: Freetype returned null for character 133 in font SdkTrays/Value
19:50:31: Info: Freetype returned null for character 134 in font SdkTrays/Value
19:50:31: Info: Freetype returned null for character 135 in font SdkTrays/Value
19:50:31: Info: Freetype returned null for character 136 in font SdkTrays/Value
19:50:31: Info: Freetype returned null for character 137 in font SdkTrays/Value
19:50:31: Info: Freetype returned null for character 138 in font SdkTrays/Value
19:50:31: Info: Freetype returned null for character 139 in font SdkTrays/Value
19:50:31: Info: Freetype returned null for character 140 in font SdkTrays/Value
19:50:31: Info: Freetype returned null for character 141 in font SdkTrays/Value
19:50:31: Info: Freetype returned null for character 142 in font SdkTrays/Value
19:50:31: Info: Freetype returned null for character 143 in font SdkTrays/Value
19:50:31: Info: Freetype returned null for character 144 in font SdkTrays/Value
19:50:31: Info: Freetype returned null for character 145 in font SdkTrays/Value
19:50:31: Info: Freetype returned null for character 146 in font SdkTrays/Value
19:50:31: Info: Freetype returned null for character 147 in font SdkTrays/Value
19:50:31: Info: Freetype returned null for character 148 in font SdkTrays/Value
19:50:31: Info: Freetype returned null for character 149 in font SdkTrays/Value
19:50:31: Info: Freetype returned null for character 150 in font SdkTrays/Value
19:50:31: Info: Freetype returned null for character 151 in font SdkTrays/Value
19:50:31: Info: Freetype returned null for character 152 in font SdkTrays/Value
19:50:31: Info: Freetype returned null for character 153 in font SdkTrays/Value
19:50:31: Info: Freetype returned null for character 154 in font SdkTrays/Value
19:50:31: Info: Freetype returned null for character 155 in font SdkTrays/Value
19:50:31: Info: Freetype returned null for character 156 in font SdkTrays/Value
19:50:31: Info: Freetype returned null for character 157 in font SdkTrays/Value
19:50:31: Info: Freetype returned null for character 158 in font SdkTrays/Value
19:50:31: Info: Freetype returned null for character 159 in font SdkTrays/Value
19:50:31: Info: Freetype returned null for character 160 in font SdkTrays/Value
19:50:31: Texture: SdkTrays/ValueTexture: Loading 1 faces(PF_BYTE_LA,512x512x1) with 0 generated mipmaps from Image. Internal format is PF_BYTE_LA,512x512x1.
19:50:32: 2:*** keyPressed ***

19:50:33: 2:*** keyReleased ***

19:50:33: 3:*** keyPressed ***

19:50:33: 3:*** keyReleased ***

19:50:33: 4:*** keyPressed ***

19:50:33: 4:*** keyReleased ***

19:50:34: 5:*** keyPressed ***

19:50:34: 5:*** keyReleased ***

19:50:34: 6:*** keyPressed ***

19:50:34: 6:*** keyReleased ***

19:50:35: 2:*** keyPressed ***

19:50:35: 2:*** keyReleased ***

19:50:36: 25:*** keyPressed ***

19:50:36: 25:*** keyReleased ***

19:50:56: 25:*** keyPressed ***

19:50:57: 25:*** keyReleased ***

19:50:58: 50:*** keyPressed ***

19:50:58: 50:*** keyReleased ***

19:50:58: 49:*** keyPressed ***

19:50:58: 49:*** keyReleased ***

19:51:01: 1:*** keyPressed ***

19:51:01: DefaultWorkQueue('Root') shutting down on thread 0162B290.
19:51:01: DefaultWorkQueue('Root')::WorkerFunc - thread 0997E578 stopped.
19:51:01: DefaultWorkQueue('Root')::WorkerFunc - thread 0997E5A8 stopped.
19:51:01: DefaultWorkQueue('Root')::WorkerFunc - thread 0997E458 stopped.
19:51:01: DefaultWorkQueue('Root')::WorkerFunc - thread 0997E3C8 stopped.
19:51:01: DefaultWorkQueue('Root')::WorkerFunc - thread 0997E4E8 stopped.
19:51:01: DefaultWorkQueue('Root')::WorkerFunc - thread 0997E668 stopped.
19:51:01: DefaultWorkQueue('Root')::WorkerFunc - thread 0997E428 stopped.
19:51:01: DefaultWorkQueue('Root')::WorkerFunc - thread 0997E4B8 stopped.
19:51:01: PCZone Factory Type 'ZoneType_Octree' unregistered
19:51:01: PCZone Factory Type 'ZoneType_Terrain' unregistered
19:51:01: Unregistering ResourceManager for type BspLevel
19:51:01: *-*-* OGRE Shutdown
19:51:01: Unregistering ResourceManager for type Compositor
19:51:01: Unregistering ResourceManager for type Font
19:51:01: Unregistering ResourceManager for type Skeleton
19:51:01: Unregistering ResourceManager for type Mesh
19:51:01: Unregistering ResourceManager for type HighLevelGpuProgram
19:51:01: Uninstalling plugin: Octree & Terrain Scene Manager
19:51:01: Plugin successfully uninstalled
19:51:01: Unloading library .\Plugin_OctreeSceneManager
19:51:01: Uninstalling plugin: Octree Zone Factory
19:51:01: Plugin successfully uninstalled
19:51:01: Unloading library .\Plugin_OctreeZone
19:51:01: Uninstalling plugin: Portal Connected Zone Scene Manager
19:51:01: Plugin successfully uninstalled
19:51:01: Unloading library .\Plugin_PCZSceneManager
19:51:01: Uninstalling plugin: Cg Program Manager
19:51:01: Plugin successfully uninstalled
19:51:01: Unloading library .\Plugin_CgProgramManager
19:51:01: Uninstalling plugin: BSP Scene Manager
19:51:01: Plugin successfully uninstalled
19:51:01: Unloading library .\Plugin_BSPSceneManager
19:51:01: Uninstalling plugin: ParticleFX
19:51:01: Plugin successfully uninstalled
19:51:01: Unloading library .\Plugin_ParticleFX
19:51:01: Uninstalling plugin: GL RenderSystem
19:51:01: *** Stopping Win32GL Subsystem ***
19:51:01: Plugin successfully uninstalled
19:51:01: Unloading library .\RenderSystem_GL
19:51:01: Uninstalling plugin: D3D9 RenderSystem
19:51:01: D3D9 : Shutting down cleanly.
19:51:01: Unregistering ResourceManager for type Texture
19:51:01: Unregistering ResourceManager for type GpuProgram
19:51:01: D3D9 : Direct3D9 Rendering Subsystem destroyed.
19:51:01: Plugin successfully uninstalled
19:51:01: Unloading library .\RenderSystem_Direct3D9
19:51:01: Unregistering ResourceManager for type Material
